2013/11/04 23:07:18 [error] [php] date() [<a href='function.date'>function.date</a>]: It is not safe to rely on the system's timezone settings. You are *required* to use the date.timezone setting or the date_default_timezone_set() function. In case you used any of those methods and you are still getting this warning, you most likely misspelled the timezone identifier. We selected 'Asia/Chongqing' for 'CST/8.0/no DST' instead (/Library/WebServer/Documents/bmw_project/bmwapp/protected/views/layouts/main.php:51)
Stack trace:
#0 /Library/WebServer/Documents/bmw_project/framework/web/CBaseController.php(95): SiteController->renderInternal()
#1 /Library/WebServer/Documents/bmw_project/framework/web/widgets/CContentDecorator.php(76): SiteController->renderFile()
#2 /Library/WebServer/Documents/bmw_project/framework/web/widgets/CContentDecorator.php(54): CContentDecorator->decorate()
#3 /Library/WebServer/Documents/bmw_project/framework/web/widgets/COutputProcessor.php(44): CContentDecorator->processOutput()
#4 /Library/WebServer/Documents/bmw_project/framework/web/CBaseController.php(206): CContentDecorator->run()
#5 /Library/WebServer/Documents/bmw_project/framework/web/CBaseController.php(300): SiteController->endWidget()
#6 /Library/WebServer/Documents/bmw_project/bmwapp/protected/views/layouts/column1.php(6): SiteController->endContent()
#7 /Library/WebServer/Documents/bmw_project/framework/web/CBaseController.php(126): require()
#8 /Library/WebServer/Documents/bmw_project/framework/web/CBaseController.php(95): SiteController->renderInternal()
#9 /Library/WebServer/Documents/bmw_project/framework/web/CController.php(784): SiteController->renderFile()
#10 /Library/WebServer/Documents/bmw_project/bmwapp/protected/controllers/SiteController.php(32): SiteController->render()
#11 /Library/WebServer/Documents/bmw_project/framework/web/actions/CInlineAction.php(49): SiteController->actionIndex()
#12 /Library/WebServer/Documents/bmw_project/framework/web/CController.php(308): CInlineAction->runWithParams()
#13 /Library/WebServer/Documents/bmw_project/framework/web/CController.php(286): SiteController->runAction()
#14 /Library/WebServer/Documents/bmw_project/framework/web/CController.php(265): SiteController->runActionWithFilters()
#15 /Library/WebServer/Documents/bmw_project/framework/web/CWebApplication.php(282): SiteController->run()
#16 /Library/WebServer/Documents/bmw_project/framework/web/CWebApplication.php(141): CWebApplication->runController()
#17 /Library/WebServer/Documents/bmw_project/framework/base/CApplication.php(169): CWebApplication->processRequest()
#18 /Library/WebServer/Documents/bmw_project/bmwapp/index.php(15): CWebApplication->run()
REQUEST_URI=/bmw_project/bmwapp/
2013/11/04 23:07:59 [error] [php] date() [<a href='function.date'>function.date</a>]: It is not safe to rely on the system's timezone settings. You are *required* to use the date.timezone setting or the date_default_timezone_set() function. In case you used any of those methods and you are still getting this warning, you most likely misspelled the timezone identifier. We selected 'Asia/Chongqing' for 'CST/8.0/no DST' instead (/Library/WebServer/Documents/bmw_project/bmwapp/protected/views/layouts/main.php:51)
Stack trace:
#0 /Library/WebServer/Documents/bmw_project/framework/web/CBaseController.php(95): SiteController->renderInternal()
#1 /Library/WebServer/Documents/bmw_project/framework/web/widgets/CContentDecorator.php(76): SiteController->renderFile()
#2 /Library/WebServer/Documents/bmw_project/framework/web/widgets/CContentDecorator.php(54): CContentDecorator->decorate()
#3 /Library/WebServer/Documents/bmw_project/framework/web/widgets/COutputProcessor.php(44): CContentDecorator->processOutput()
#4 /Library/WebServer/Documents/bmw_project/framework/web/CBaseController.php(206): CContentDecorator->run()
#5 /Library/WebServer/Documents/bmw_project/framework/web/CBaseController.php(300): SiteController->endWidget()
#6 /Library/WebServer/Documents/bmw_project/bmwapp/protected/views/layouts/column1.php(6): SiteController->endContent()
#7 /Library/WebServer/Documents/bmw_project/framework/web/CBaseController.php(126): require()
#8 /Library/WebServer/Documents/bmw_project/framework/web/CBaseController.php(95): SiteController->renderInternal()
#9 /Library/WebServer/Documents/bmw_project/framework/web/CController.php(784): SiteController->renderFile()
#10 /Library/WebServer/Documents/bmw_project/bmwapp/protected/controllers/SiteController.php(32): SiteController->render()
#11 /Library/WebServer/Documents/bmw_project/framework/web/actions/CInlineAction.php(49): SiteController->actionIndex()
#12 /Library/WebServer/Documents/bmw_project/framework/web/CController.php(308): CInlineAction->runWithParams()
#13 /Library/WebServer/Documents/bmw_project/framework/web/CController.php(286): SiteController->runAction()
#14 /Library/WebServer/Documents/bmw_project/framework/web/CController.php(265): SiteController->runActionWithFilters()
#15 /Library/WebServer/Documents/bmw_project/framework/web/CWebApplication.php(282): SiteController->run()
#16 /Library/WebServer/Documents/bmw_project/framework/web/CWebApplication.php(141): CWebApplication->runController()
#17 /Library/WebServer/Documents/bmw_project/framework/base/CApplication.php(169): CWebApplication->processRequest()
#18 /Library/WebServer/Documents/bmw_project/bmwapp/index.php(15): CWebApplication->run()
REQUEST_URI=/bmw_project/bmwapp/
2013/11/04 23:25:23 [error] [exception.CHttpException.404] exception 'CHttpException' with message 'The system is unable to find the requested action "login".' in /Library/WebServer/Documents/bmw_project/framework/web/CController.php:483
Stack trace:
#0 /Library/WebServer/Documents/bmw_project/framework/web/CController.php(270): CController->missingAction('login')
#1 /Library/WebServer/Documents/bmw_project/framework/web/CWebApplication.php(282): CController->run('login')
#2 /Library/WebServer/Documents/bmw_project/framework/web/CWebApplication.php(141): CWebApplication->runController('admin/login')
#3 /Library/WebServer/Documents/bmw_project/framework/base/CApplication.php(169): CWebApplication->processRequest()
#4 /Library/WebServer/Documents/bmw_project/bmwapp/index.php(16): CApplication->run()
#5 {main}
REQUEST_URI=/bmw_project/bmwapp/index.php?r=admin/login
---
2013/11/05 23:42:24 [error] [exception.CHttpException.404] exception 'CHttpException' with message 'Unable to resolve the request "index".' in /Library/WebServer/Documents/trunk/trunk/framework/web/CWebApplication.php:286
Stack trace:
#0 /Library/WebServer/Documents/trunk/trunk/framework/web/CWebApplication.php(141): CWebApplication->runController('')
#1 /Library/WebServer/Documents/trunk/trunk/framework/base/CApplication.php(169): CWebApplication->processRequest()
#2 /Library/WebServer/Documents/trunk/trunk/bmwapp/index.php(17): CApplication->run()
#3 {main}
REQUEST_URI=/
---
2013/11/05 23:42:31 [error] [exception.CHttpException.404] exception 'CHttpException' with message 'Unable to resolve the request "index".' in /Library/WebServer/Documents/trunk/trunk/framework/web/CWebApplication.php:286
Stack trace:
#0 /Library/WebServer/Documents/trunk/trunk/framework/web/CWebApplication.php(141): CWebApplication->runController('')
#1 /Library/WebServer/Documents/trunk/trunk/framework/base/CApplication.php(169): CWebApplication->processRequest()
#2 /Library/WebServer/Documents/trunk/trunk/bmwapp/index.php(17): CApplication->run()
#3 {main}
REQUEST_URI=/index.php
---
2013/11/05 23:42:35 [error] [php] PDO::__construct() [<a href='pdo.--construct'>pdo.--construct</a>]: [2002] No such file or directory (trying to connect via unix:///var/mysql/mysql.sock) (/Library/WebServer/Documents/trunk/trunk/framework/db/CDbConnection.php:423)
Stack trace:
#0 /Library/WebServer/Documents/trunk/trunk/framework/db/CDbConnection.php(330): CDbConnection->open()
#1 /Library/WebServer/Documents/trunk/trunk/framework/db/CDbConnection.php(308): CDbConnection->setActive()
#2 /Library/WebServer/Documents/trunk/trunk/framework/base/CModule.php(387): CDbConnection->init()
#3 /Library/WebServer/Documents/trunk/trunk/framework/base/CApplication.php(438): CWebApplication->getComponent()
#4 /Library/WebServer/Documents/trunk/trunk/framework/db/ar/CActiveRecord.php(623): CWebApplication->getDb()
#5 /Library/WebServer/Documents/trunk/trunk/framework/db/ar/CActiveRecord.php(2309): Admin->getDbConnection()
#6 /Library/WebServer/Documents/trunk/trunk/framework/db/ar/CActiveRecord.php(387): CActiveRecordMetaData->__construct()
#7 /Library/WebServer/Documents/trunk/trunk/framework/db/ar/CActiveRecord.php(402): model()
#8 /Library/WebServer/Documents/trunk/trunk/framework/db/ar/CActiveRecord.php(77): Admin->getMetaData()
#9 /Library/WebServer/Documents/trunk/trunk/bmwapp/protected/controllers/AdminController.php(19): Admin->__construct()
#10 /Library/WebServer/Documents/trunk/trunk/framework/web/CWebApplication.php(281): AdminController->init()
#11 /Library/WebServer/Documents/trunk/trunk/framework/web/CWebApplication.php(141): CWebApplication->runController()
#12 /Library/WebServer/Documents/trunk/trunk/framework/base/CApplication.php(169): CWebApplication->processRequest()
#13 /Library/WebServer/Documents/trunk/trunk/bmwapp/index.php(17): CWebApplication->run()
REQUEST_URI=/index.php/admin
2013/11/05 23:45:13 [error] [php] PDO::__construct() [<a href='pdo.--construct'>pdo.--construct</a>]: [2002] No such file or directory (trying to connect via unix:///var/mysql/mysql.sock) (/Library/WebServer/Documents/trunk/trunk/framework/db/CDbConnection.php:423)
Stack trace:
#0 /Library/WebServer/Documents/trunk/trunk/framework/db/CDbConnection.php(330): CDbConnection->open()
#1 /Library/WebServer/Documents/trunk/trunk/framework/db/CDbConnection.php(308): CDbConnection->setActive()
#2 /Library/WebServer/Documents/trunk/trunk/framework/base/CModule.php(387): CDbConnection->init()
#3 /Library/WebServer/Documents/trunk/trunk/framework/base/CApplication.php(438): CWebApplication->getComponent()
#4 /Library/WebServer/Documents/trunk/trunk/framework/db/ar/CActiveRecord.php(623): CWebApplication->getDb()
#5 /Library/WebServer/Documents/trunk/trunk/framework/db/ar/CActiveRecord.php(2309): Admin->getDbConnection()
#6 /Library/WebServer/Documents/trunk/trunk/framework/db/ar/CActiveRecord.php(387): CActiveRecordMetaData->__construct()
#7 /Library/WebServer/Documents/trunk/trunk/framework/db/ar/CActiveRecord.php(402): model()
#8 /Library/WebServer/Documents/trunk/trunk/framework/db/ar/CActiveRecord.php(77): Admin->getMetaData()
#9 /Library/WebServer/Documents/trunk/trunk/bmwapp/protected/controllers/AdminController.php(19): Admin->__construct()
#10 /Library/WebServer/Documents/trunk/trunk/framework/web/CWebApplication.php(281): AdminController->init()
#11 /Library/WebServer/Documents/trunk/trunk/framework/web/CWebApplication.php(141): CWebApplication->runController()
#12 /Library/WebServer/Documents/trunk/trunk/framework/base/CApplication.php(169): CWebApplication->processRequest()
#13 /Library/WebServer/Documents/trunk/trunk/bmwapp/index.php(17): CWebApplication->run()
REQUEST_URI=/index.php/admin
2013/11/05 23:45:18 [error] [php] PDO::__construct() [<a href='pdo.--construct'>pdo.--construct</a>]: [2002] No such file or directory (trying to connect via unix:///var/mysql/mysql.sock) (/Library/WebServer/Documents/trunk/trunk/framework/db/CDbConnection.php:423)
Stack trace:
#0 /Library/WebServer/Documents/trunk/trunk/framework/db/CDbConnection.php(330): CDbConnection->open()
#1 /Library/WebServer/Documents/trunk/trunk/framework/db/CDbConnection.php(308): CDbConnection->setActive()
#2 /Library/WebServer/Documents/trunk/trunk/framework/base/CModule.php(387): CDbConnection->init()
#3 /Library/WebServer/Documents/trunk/trunk/framework/base/CApplication.php(438): CWebApplication->getComponent()
#4 /Library/WebServer/Documents/trunk/trunk/framework/db/ar/CActiveRecord.php(623): CWebApplication->getDb()
#5 /Library/WebServer/Documents/trunk/trunk/framework/db/ar/CActiveRecord.php(2309): Admin->getDbConnection()
#6 /Library/WebServer/Documents/trunk/trunk/framework/db/ar/CActiveRecord.php(387): CActiveRecordMetaData->__construct()
#7 /Library/WebServer/Documents/trunk/trunk/framework/db/ar/CActiveRecord.php(402): model()
#8 /Library/WebServer/Documents/trunk/trunk/framework/db/ar/CActiveRecord.php(77): Admin->getMetaData()
#9 /Library/WebServer/Documents/trunk/trunk/bmwapp/protected/controllers/AdminController.php(19): Admin->__construct()
#10 /Library/WebServer/Documents/trunk/trunk/framework/web/CWebApplication.php(281): AdminController->init()
#11 /Library/WebServer/Documents/trunk/trunk/framework/web/CWebApplication.php(141): CWebApplication->runController()
#12 /Library/WebServer/Documents/trunk/trunk/framework/base/CApplication.php(169): CWebApplication->processRequest()
#13 /Library/WebServer/Documents/trunk/trunk/bmwapp/index.php(17): CWebApplication->run()
REQUEST_URI=/index.php/admin
2013/11/05 23:47:19 [error] [php] PDO::__construct() [<a href='pdo.--construct'>pdo.--construct</a>]: [2002] No such file or directory (trying to connect via unix:///var/mysql/mysql.sock) (/Library/WebServer/Documents/trunk/trunk/framework/db/CDbConnection.php:423)
Stack trace:
#0 /Library/WebServer/Documents/trunk/trunk/framework/db/CDbConnection.php(330): CDbConnection->open()
#1 /Library/WebServer/Documents/trunk/trunk/framework/db/CDbConnection.php(308): CDbConnection->setActive()
#2 /Library/WebServer/Documents/trunk/trunk/framework/base/CModule.php(387): CDbConnection->init()
#3 /Library/WebServer/Documents/trunk/trunk/framework/base/CApplication.php(438): CWebApplication->getComponent()
#4 /Library/WebServer/Documents/trunk/trunk/framework/db/ar/CActiveRecord.php(623): CWebApplication->getDb()
#5 /Library/WebServer/Documents/trunk/trunk/framework/db/ar/CActiveRecord.php(2309): Admin->getDbConnection()
#6 /Library/WebServer/Documents/trunk/trunk/framework/db/ar/CActiveRecord.php(387): CActiveRecordMetaData->__construct()
#7 /Library/WebServer/Documents/trunk/trunk/framework/db/ar/CActiveRecord.php(402): model()
#8 /Library/WebServer/Documents/trunk/trunk/framework/db/ar/CActiveRecord.php(77): Admin->getMetaData()
#9 /Library/WebServer/Documents/trunk/trunk/bmwapp/protected/controllers/AdminController.php(19): Admin->__construct()
#10 /Library/WebServer/Documents/trunk/trunk/framework/web/CWebApplication.php(281): AdminController->init()
#11 /Library/WebServer/Documents/trunk/trunk/framework/web/CWebApplication.php(141): CWebApplication->runController()
#12 /Library/WebServer/Documents/trunk/trunk/framework/base/CApplication.php(169): CWebApplication->processRequest()
#13 /Library/WebServer/Documents/trunk/trunk/bmwapp/index.php(17): CWebApplication->run()
REQUEST_URI=/index.php/admin
2013/11/05 23:47:22 [error] [php] PDO::__construct() [<a href='pdo.--construct'>pdo.--construct</a>]: [2002] No such file or directory (trying to connect via unix:///var/mysql/mysql.sock) (/Library/WebServer/Documents/trunk/trunk/framework/db/CDbConnection.php:423)
Stack trace:
#0 /Library/WebServer/Documents/trunk/trunk/framework/db/CDbConnection.php(330): CDbConnection->open()
#1 /Library/WebServer/Documents/trunk/trunk/framework/db/CDbConnection.php(308): CDbConnection->setActive()
#2 /Library/WebServer/Documents/trunk/trunk/framework/base/CModule.php(387): CDbConnection->init()
#3 /Library/WebServer/Documents/trunk/trunk/framework/base/CApplication.php(438): CWebApplication->getComponent()
#4 /Library/WebServer/Documents/trunk/trunk/framework/db/ar/CActiveRecord.php(623): CWebApplication->getDb()
#5 /Library/WebServer/Documents/trunk/trunk/framework/db/ar/CActiveRecord.php(2309): Admin->getDbConnection()
#6 /Library/WebServer/Documents/trunk/trunk/framework/db/ar/CActiveRecord.php(387): CActiveRecordMetaData->__construct()
#7 /Library/WebServer/Documents/trunk/trunk/framework/db/ar/CActiveRecord.php(402): model()
#8 /Library/WebServer/Documents/trunk/trunk/framework/db/ar/CActiveRecord.php(77): Admin->getMetaData()
#9 /Library/WebServer/Documents/trunk/trunk/bmwapp/protected/controllers/AdminController.php(19): Admin->__construct()
#10 /Library/WebServer/Documents/trunk/trunk/framework/web/CWebApplication.php(281): AdminController->init()
#11 /Library/WebServer/Documents/trunk/trunk/framework/web/CWebApplication.php(141): CWebApplication->runController()
#12 /Library/WebServer/Documents/trunk/trunk/framework/base/CApplication.php(169): CWebApplication->processRequest()
#13 /Library/WebServer/Documents/trunk/trunk/bmwapp/index.php(17): CWebApplication->run()
REQUEST_URI=/index.php/admin
2013/11/05 23:47:25 [error] [php] PDO::__construct() [<a href='pdo.--construct'>pdo.--construct</a>]: [2002] No such file or directory (trying to connect via unix:///var/mysql/mysql.sock) (/Library/WebServer/Documents/trunk/trunk/framework/db/CDbConnection.php:423)
Stack trace:
#0 /Library/WebServer/Documents/trunk/trunk/framework/db/CDbConnection.php(330): CDbConnection->open()
#1 /Library/WebServer/Documents/trunk/trunk/framework/db/CDbConnection.php(308): CDbConnection->setActive()
#2 /Library/WebServer/Documents/trunk/trunk/framework/base/CModule.php(387): CDbConnection->init()
#3 /Library/WebServer/Documents/trunk/trunk/framework/base/CApplication.php(438): CWebApplication->getComponent()
#4 /Library/WebServer/Documents/trunk/trunk/framework/db/ar/CActiveRecord.php(623): CWebApplication->getDb()
#5 /Library/WebServer/Documents/trunk/trunk/framework/db/ar/CActiveRecord.php(2309): Admin->getDbConnection()
#6 /Library/WebServer/Documents/trunk/trunk/framework/db/ar/CActiveRecord.php(387): CActiveRecordMetaData->__construct()
#7 /Library/WebServer/Documents/trunk/trunk/framework/db/ar/CActiveRecord.php(402): model()
#8 /Library/WebServer/Documents/trunk/trunk/framework/db/ar/CActiveRecord.php(77): Admin->getMetaData()
#9 /Library/WebServer/Documents/trunk/trunk/bmwapp/protected/controllers/AdminController.php(19): Admin->__construct()
#10 /Library/WebServer/Documents/trunk/trunk/framework/web/CWebApplication.php(281): AdminController->init()
#11 /Library/WebServer/Documents/trunk/trunk/framework/web/CWebApplication.php(141): CWebApplication->runController()
#12 /Library/WebServer/Documents/trunk/trunk/framework/base/CApplication.php(169): CWebApplication->processRequest()
#13 /Library/WebServer/Documents/trunk/trunk/bmwapp/index.php(17): CWebApplication->run()
REQUEST_URI=/index.php/admin
2013/11/05 23:47:41 [error] [exception.CHttpException.404] exception 'CHttpException' with message 'Unable to resolve the request "index".' in /Library/WebServer/Documents/trunk/trunk/framework/web/CWebApplication.php:286
Stack trace:
#0 /Library/WebServer/Documents/trunk/trunk/framework/web/CWebApplication.php(141): CWebApplication->runController('')
#1 /Library/WebServer/Documents/trunk/trunk/framework/base/CApplication.php(169): CWebApplication->processRequest()
#2 /Library/WebServer/Documents/trunk/trunk/bmwapp/index.php(17): CApplication->run()
#3 {main}
REQUEST_URI=/index.php
---
2013/11/05 23:47:55 [error] [php] PDO::__construct() [<a href='pdo.--construct'>pdo.--construct</a>]: [2002] No such file or directory (trying to connect via unix:///var/mysql/mysql.sock) (/Library/WebServer/Documents/trunk/trunk/framework/db/CDbConnection.php:423)
Stack trace:
#0 /Library/WebServer/Documents/trunk/trunk/framework/db/CDbConnection.php(330): CDbConnection->open()
#1 /Library/WebServer/Documents/trunk/trunk/framework/db/CDbConnection.php(308): CDbConnection->setActive()
#2 /Library/WebServer/Documents/trunk/trunk/framework/base/CModule.php(387): CDbConnection->init()
#3 /Library/WebServer/Documents/trunk/trunk/framework/base/CApplication.php(438): CWebApplication->getComponent()
#4 /Library/WebServer/Documents/trunk/trunk/framework/db/ar/CActiveRecord.php(623): CWebApplication->getDb()
#5 /Library/WebServer/Documents/trunk/trunk/framework/db/ar/CActiveRecord.php(2309): Admin->getDbConnection()
#6 /Library/WebServer/Documents/trunk/trunk/framework/db/ar/CActiveRecord.php(387): CActiveRecordMetaData->__construct()
#7 /Library/WebServer/Documents/trunk/trunk/framework/db/ar/CActiveRecord.php(402): model()
#8 /Library/WebServer/Documents/trunk/trunk/framework/db/ar/CActiveRecord.php(77): Admin->getMetaData()
#9 /Library/WebServer/Documents/trunk/trunk/bmwapp/protected/controllers/AdminController.php(19): Admin->__construct()
#10 /Library/WebServer/Documents/trunk/trunk/framework/web/CWebApplication.php(281): AdminController->init()
#11 /Library/WebServer/Documents/trunk/trunk/framework/web/CWebApplication.php(141): CWebApplication->runController()
#12 /Library/WebServer/Documents/trunk/trunk/framework/base/CApplication.php(169): CWebApplication->processRequest()
#13 /Library/WebServer/Documents/trunk/trunk/bmwapp/index.php(17): CWebApplication->run()
REQUEST_URI=/index.php/admin?
2013/11/05 23:48:21 [error] [php] PDO::__construct() [<a href='pdo.--construct'>pdo.--construct</a>]: [2002] No such file or directory (trying to connect via unix:///var/mysql/mysql.sock) (/Library/WebServer/Documents/trunk/trunk/framework/db/CDbConnection.php:423)
Stack trace:
#0 /Library/WebServer/Documents/trunk/trunk/framework/db/CDbConnection.php(330): CDbConnection->open()
#1 /Library/WebServer/Documents/trunk/trunk/framework/db/CDbConnection.php(308): CDbConnection->setActive()
#2 /Library/WebServer/Documents/trunk/trunk/framework/base/CModule.php(387): CDbConnection->init()
#3 /Library/WebServer/Documents/trunk/trunk/framework/base/CApplication.php(438): CWebApplication->getComponent()
#4 /Library/WebServer/Documents/trunk/trunk/framework/db/ar/CActiveRecord.php(623): CWebApplication->getDb()
#5 /Library/WebServer/Documents/trunk/trunk/framework/db/ar/CActiveRecord.php(2309): Admin->getDbConnection()
#6 /Library/WebServer/Documents/trunk/trunk/framework/db/ar/CActiveRecord.php(387): CActiveRecordMetaData->__construct()
#7 /Library/WebServer/Documents/trunk/trunk/framework/db/ar/CActiveRecord.php(402): model()
#8 /Library/WebServer/Documents/trunk/trunk/framework/db/ar/CActiveRecord.php(77): Admin->getMetaData()
#9 /Library/WebServer/Documents/trunk/trunk/bmwapp/protected/controllers/AdminController.php(19): Admin->__construct()
#10 /Library/WebServer/Documents/trunk/trunk/framework/web/CWebApplication.php(281): AdminController->init()
#11 /Library/WebServer/Documents/trunk/trunk/framework/web/CWebApplication.php(141): CWebApplication->runController()
#12 /Library/WebServer/Documents/trunk/trunk/framework/base/CApplication.php(169): CWebApplication->processRequest()
#13 /Library/WebServer/Documents/trunk/trunk/bmwapp/index.php(17): CWebApplication->run()
REQUEST_URI=/index.php/admin?
2013/11/05 23:48:55 [error] [php] PDO::__construct() [<a href='pdo.--construct'>pdo.--construct</a>]: [2002] No such file or directory (trying to connect via unix:///var/mysql/mysql.sock) (/Library/WebServer/Documents/trunk/trunk/framework/db/CDbConnection.php:423)
Stack trace:
#0 /Library/WebServer/Documents/trunk/trunk/framework/db/CDbConnection.php(330): CDbConnection->open()
#1 /Library/WebServer/Documents/trunk/trunk/framework/db/CDbConnection.php(308): CDbConnection->setActive()
#2 /Library/WebServer/Documents/trunk/trunk/framework/base/CModule.php(387): CDbConnection->init()
#3 /Library/WebServer/Documents/trunk/trunk/framework/base/CApplication.php(438): CWebApplication->getComponent()
#4 /Library/WebServer/Documents/trunk/trunk/framework/db/ar/CActiveRecord.php(623): CWebApplication->getDb()
#5 /Library/WebServer/Documents/trunk/trunk/framework/db/ar/CActiveRecord.php(2309): Admin->getDbConnection()
#6 /Library/WebServer/Documents/trunk/trunk/framework/db/ar/CActiveRecord.php(387): CActiveRecordMetaData->__construct()
#7 /Library/WebServer/Documents/trunk/trunk/framework/db/ar/CActiveRecord.php(402): model()
#8 /Library/WebServer/Documents/trunk/trunk/framework/db/ar/CActiveRecord.php(77): Admin->getMetaData()
#9 /Library/WebServer/Documents/trunk/trunk/bmwapp/protected/controllers/AdminController.php(19): Admin->__construct()
#10 /Library/WebServer/Documents/trunk/trunk/framework/web/CWebApplication.php(281): AdminController->init()
#11 /Library/WebServer/Documents/trunk/trunk/framework/web/CWebApplication.php(141): CWebApplication->runController()
#12 /Library/WebServer/Documents/trunk/trunk/framework/base/CApplication.php(169): CWebApplication->processRequest()
#13 /Library/WebServer/Documents/trunk/trunk/bmwapp/index.php(17): CWebApplication->run()
REQUEST_URI=/index.php/admin?
2013/11/05 23:48:59 [error] [php] PDO::__construct() [<a href='pdo.--construct'>pdo.--construct</a>]: [2002] No such file or directory (trying to connect via unix:///var/mysql/mysql.sock) (/Library/WebServer/Documents/trunk/trunk/framework/db/CDbConnection.php:423)
Stack trace:
#0 /Library/WebServer/Documents/trunk/trunk/framework/db/CDbConnection.php(330): CDbConnection->open()
#1 /Library/WebServer/Documents/trunk/trunk/framework/db/CDbConnection.php(308): CDbConnection->setActive()
#2 /Library/WebServer/Documents/trunk/trunk/framework/base/CModule.php(387): CDbConnection->init()
#3 /Library/WebServer/Documents/trunk/trunk/framework/base/CApplication.php(438): CWebApplication->getComponent()
#4 /Library/WebServer/Documents/trunk/trunk/framework/db/ar/CActiveRecord.php(623): CWebApplication->getDb()
#5 /Library/WebServer/Documents/trunk/trunk/framework/db/ar/CActiveRecord.php(2309): Admin->getDbConnection()
#6 /Library/WebServer/Documents/trunk/trunk/framework/db/ar/CActiveRecord.php(387): CActiveRecordMetaData->__construct()
#7 /Library/WebServer/Documents/trunk/trunk/framework/db/ar/CActiveRecord.php(402): model()
#8 /Library/WebServer/Documents/trunk/trunk/framework/db/ar/CActiveRecord.php(77): Admin->getMetaData()
#9 /Library/WebServer/Documents/trunk/trunk/bmwapp/protected/controllers/AdminController.php(19): Admin->__construct()
#10 /Library/WebServer/Documents/trunk/trunk/framework/web/CWebApplication.php(281): AdminController->init()
#11 /Library/WebServer/Documents/trunk/trunk/framework/web/CWebApplication.php(141): CWebApplication->runController()
#12 /Library/WebServer/Documents/trunk/trunk/framework/base/CApplication.php(169): CWebApplication->processRequest()
#13 /Library/WebServer/Documents/trunk/trunk/bmwapp/index.php(17): CWebApplication->run()
REQUEST_URI=/index.php/admin/login
2013/11/05 23:49:15 [error] [exception.CHttpException.404] exception 'CHttpException' with message 'Unable to resolve the request "index".' in /Library/WebServer/Documents/trunk/trunk/framework/web/CWebApplication.php:286
Stack trace:
#0 /Library/WebServer/Documents/trunk/trunk/framework/web/CWebApplication.php(141): CWebApplication->runController('')
#1 /Library/WebServer/Documents/trunk/trunk/framework/base/CApplication.php(169): CWebApplication->processRequest()
#2 /Library/WebServer/Documents/trunk/trunk/bmwapp/index.php(17): CApplication->run()
#3 {main}
REQUEST_URI=/index.php?
---
2013/11/05 23:49:21 [error] [php] PDO::__construct() [<a href='pdo.--construct'>pdo.--construct</a>]: [2002] No such file or directory (trying to connect via unix:///var/mysql/mysql.sock) (/Library/WebServer/Documents/trunk/trunk/framework/db/CDbConnection.php:423)
Stack trace:
#0 /Library/WebServer/Documents/trunk/trunk/framework/db/CDbConnection.php(330): CDbConnection->open()
#1 /Library/WebServer/Documents/trunk/trunk/framework/db/CDbConnection.php(308): CDbConnection->setActive()
#2 /Library/WebServer/Documents/trunk/trunk/framework/base/CModule.php(387): CDbConnection->init()
#3 /Library/WebServer/Documents/trunk/trunk/framework/base/CApplication.php(438): CWebApplication->getComponent()
#4 /Library/WebServer/Documents/trunk/trunk/framework/db/ar/CActiveRecord.php(623): CWebApplication->getDb()
#5 /Library/WebServer/Documents/trunk/trunk/framework/db/ar/CActiveRecord.php(2309): Admin->getDbConnection()
#6 /Library/WebServer/Documents/trunk/trunk/framework/db/ar/CActiveRecord.php(387): CActiveRecordMetaData->__construct()
#7 /Library/WebServer/Documents/trunk/trunk/framework/db/ar/CActiveRecord.php(402): model()
#8 /Library/WebServer/Documents/trunk/trunk/framework/db/ar/CActiveRecord.php(77): Admin->getMetaData()
#9 /Library/WebServer/Documents/trunk/trunk/bmwapp/protected/controllers/AdminController.php(19): Admin->__construct()
#10 /Library/WebServer/Documents/trunk/trunk/framework/web/CWebApplication.php(281): AdminController->init()
#11 /Library/WebServer/Documents/trunk/trunk/framework/web/CWebApplication.php(141): CWebApplication->runController()
#12 /Library/WebServer/Documents/trunk/trunk/framework/base/CApplication.php(169): CWebApplication->processRequest()
#13 /Library/WebServer/Documents/trunk/trunk/bmwapp/index.php(17): CWebApplication->run()
REQUEST_URI=/index.php/admin
2013/11/06 00:17:26 [error] [exception.CHttpException.404] exception 'CHttpException' with message 'Unable to resolve the request "index".' in /Library/WebServer/Documents/trunk/trunk/framework/web/CWebApplication.php:286
Stack trace:
#0 /Library/WebServer/Documents/trunk/trunk/framework/web/CWebApplication.php(141): CWebApplication->runController('')
#1 /Library/WebServer/Documents/trunk/trunk/framework/base/CApplication.php(169): CWebApplication->processRequest()
#2 /Library/WebServer/Documents/trunk/trunk/bmwapp/index.php(17): CApplication->run()
#3 {main}
REQUEST_URI=/
---
2013/11/06 01:19:05 [error] [exception.CException] exception 'CException' with message 'CDbCommand and its behaviors do not have a method or closure named "count".' in /Library/WebServer/Documents/trunk/trunk/framework/base/CComponent.php:265
Stack trace:
#0 /Library/WebServer/Documents/trunk/trunk/bmwapp/protected/models/User.php(129): CComponent->__call('count', Array)
#1 /Library/WebServer/Documents/trunk/trunk/bmwapp/protected/models/User.php(129): CDbCommand->count()
#2 /Library/WebServer/Documents/trunk/trunk/bmwapp/protected/controllers/AdminController.php(101): User->get_user_total()
#3 /Library/WebServer/Documents/trunk/trunk/framework/web/actions/CInlineAction.php(49): AdminController->actionDatajson()
#4 /Library/WebServer/Documents/trunk/trunk/framework/web/CController.php(308): CInlineAction->runWithParams(Array)
#5 /Library/WebServer/Documents/trunk/trunk/framework/web/CController.php(286): CController->runAction(Object(CInlineAction))
#6 /Library/WebServer/Documents/trunk/trunk/framework/web/CController.php(265): CController->runActionWithFilters(Object(CInlineAction), Array)
#7 /Library/WebServer/Documents/trunk/trunk/framework/web/CWebApplication.php(282): CController->run('datajson')
#8 /Library/WebServer/Documents/trunk/trunk/framework/web/CWebApplication.php(141): CWebApplication->runController('admin/datajson')
#9 /Library/WebServer/Documents/trunk/trunk/framework/base/CApplication.php(169): CWebApplication->processRequest()
#10 /Library/WebServer/Documents/trunk/trunk/bmwapp/index.php(17): CApplication->run()
#11 {main}
REQUEST_URI=/index.php/admin/datajson?act=1
HTTP_REFERER=http://bmw.zhaoquan.com/index.php/admin
---
2013/11/06 01:29:58 [error] [exception.CHttpException.404] exception 'CHttpException' with message 'Unable to resolve the request "index".' in /Library/WebServer/Documents/trunk/trunk/framework/web/CWebApplication.php:286
Stack trace:
#0 /Library/WebServer/Documents/trunk/trunk/framework/web/CWebApplication.php(141): CWebApplication->runController('')
#1 /Library/WebServer/Documents/trunk/trunk/framework/base/CApplication.php(169): CWebApplication->processRequest()
#2 /Library/WebServer/Documents/trunk/trunk/bmwapp/index.php(17): CApplication->run()
#3 {main}
REQUEST_URI=/
---
2013/11/06 20:41:40 [error] [php] PDO::__construct() [<a href='pdo.--construct'>pdo.--construct</a>]: [2002] Connection refused (trying to connect via tcp://127.0.0.1:3306) (/Library/WebServer/Documents/trunk/trunk/framework/db/CDbConnection.php:423)
Stack trace:
#0 /Library/WebServer/Documents/trunk/trunk/framework/db/CDbConnection.php(330): CDbConnection->open()
#1 /Library/WebServer/Documents/trunk/trunk/framework/db/CDbConnection.php(308): CDbConnection->setActive()
#2 /Library/WebServer/Documents/trunk/trunk/framework/base/CModule.php(387): CDbConnection->init()
#3 /Library/WebServer/Documents/trunk/trunk/framework/base/CApplication.php(438): CWebApplication->getComponent()
#4 /Library/WebServer/Documents/trunk/trunk/framework/db/ar/CActiveRecord.php(623): CWebApplication->getDb()
#5 /Library/WebServer/Documents/trunk/trunk/framework/db/ar/CActiveRecord.php(2309): Admin->getDbConnection()
#6 /Library/WebServer/Documents/trunk/trunk/framework/db/ar/CActiveRecord.php(387): CActiveRecordMetaData->__construct()
#7 /Library/WebServer/Documents/trunk/trunk/framework/db/ar/CActiveRecord.php(402): model()
#8 /Library/WebServer/Documents/trunk/trunk/framework/db/ar/CActiveRecord.php(77): Admin->getMetaData()
#9 /Library/WebServer/Documents/trunk/trunk/bmwapp/protected/controllers/AdminController.php(22): Admin->__construct()
#10 /Library/WebServer/Documents/trunk/trunk/framework/web/CWebApplication.php(281): AdminController->init()
#11 /Library/WebServer/Documents/trunk/trunk/framework/web/CWebApplication.php(141): CWebApplication->runController()
#12 /Library/WebServer/Documents/trunk/trunk/framework/base/CApplication.php(169): CWebApplication->processRequest()
#13 /Library/WebServer/Documents/trunk/trunk/bmwapp/index.php(17): CWebApplication->run()
REQUEST_URI=/index.php/admin
2013/11/06 20:42:38 [error] [exception.CDbException] exception 'CDbException' with message 'CDbConnection failed to open the DB connection: SQLSTATE[28000] [1045] Access denied for user 'root'@'localhost' (using password: YES)' in /Library/WebServer/Documents/trunk/trunk/framework/db/CDbConnection.php:381
Stack trace:
#0 /Library/WebServer/Documents/trunk/trunk/framework/db/CDbConnection.php(330): CDbConnection->open()
#1 /Library/WebServer/Documents/trunk/trunk/framework/db/CDbConnection.php(308): CDbConnection->setActive(true)
#2 /Library/WebServer/Documents/trunk/trunk/framework/base/CModule.php(387): CDbConnection->init()
#3 /Library/WebServer/Documents/trunk/trunk/framework/base/CApplication.php(438): CModule->getComponent('db')
#4 /Library/WebServer/Documents/trunk/trunk/framework/db/ar/CActiveRecord.php(623): CApplication->getDb()
#5 /Library/WebServer/Documents/trunk/trunk/framework/db/ar/CActiveRecord.php(2309): CActiveRecord->getDbConnection()
#6 /Library/WebServer/Documents/trunk/trunk/framework/db/ar/CActiveRecord.php(387): CActiveRecordMetaData->__construct(Object(Admin))
#7 /Library/WebServer/Documents/trunk/trunk/framework/db/ar/CActiveRecord.php(402): CActiveRecord::model('Admin')
#8 /Library/WebServer/Documents/trunk/trunk/framework/db/ar/CActiveRecord.php(77): CActiveRecord->getMetaData()
#9 /Library/WebServer/Documents/trunk/trunk/bmwapp/protected/controllers/AdminController.php(22): CActiveRecord->__construct()
#10 /Library/WebServer/Documents/trunk/trunk/framework/web/CWebApplication.php(281): AdminController->init()
#11 /Library/WebServer/Documents/trunk/trunk/framework/web/CWebApplication.php(141): CWebApplication->runController('admin')
#12 /Library/WebServer/Documents/trunk/trunk/framework/base/CApplication.php(169): CWebApplication->processRequest()
#13 /Library/WebServer/Documents/trunk/trunk/bmwapp/index.php(17): CApplication->run()
#14 {main}
REQUEST_URI=/index.php/admin
---
2013/11/06 20:47:47 [error] [exception.CDbException] exception 'CDbException' with message 'CDbConnection failed to open the DB connection: SQLSTATE[28000] [1045] Access denied for user 'root'@'localhost' (using password: YES)' in /Library/WebServer/Documents/trunk/trunk/framework/db/CDbConnection.php:381
Stack trace:
#0 /Library/WebServer/Documents/trunk/trunk/framework/db/CDbConnection.php(330): CDbConnection->open()
#1 /Library/WebServer/Documents/trunk/trunk/framework/db/CDbConnection.php(308): CDbConnection->setActive(true)
#2 /Library/WebServer/Documents/trunk/trunk/framework/base/CModule.php(387): CDbConnection->init()
#3 /Library/WebServer/Documents/trunk/trunk/framework/base/CApplication.php(438): CModule->getComponent('db')
#4 /Library/WebServer/Documents/trunk/trunk/framework/db/ar/CActiveRecord.php(623): CApplication->getDb()
#5 /Library/WebServer/Documents/trunk/trunk/framework/db/ar/CActiveRecord.php(2309): CActiveRecord->getDbConnection()
#6 /Library/WebServer/Documents/trunk/trunk/framework/db/ar/CActiveRecord.php(387): CActiveRecordMetaData->__construct(Object(Admin))
#7 /Library/WebServer/Documents/trunk/trunk/framework/db/ar/CActiveRecord.php(402): CActiveRecord::model('Admin')
#8 /Library/WebServer/Documents/trunk/trunk/framework/db/ar/CActiveRecord.php(77): CActiveRecord->getMetaData()
#9 /Library/WebServer/Documents/trunk/trunk/bmwapp/protected/controllers/AdminController.php(22): CActiveRecord->__construct()
#10 /Library/WebServer/Documents/trunk/trunk/framework/web/CWebApplication.php(281): AdminController->init()
#11 /Library/WebServer/Documents/trunk/trunk/framework/web/CWebApplication.php(141): CWebApplication->runController('admin')
#12 /Library/WebServer/Documents/trunk/trunk/framework/base/CApplication.php(169): CWebApplication->processRequest()
#13 /Library/WebServer/Documents/trunk/trunk/bmwapp/index.php(17): CApplication->run()
#14 {main}
REQUEST_URI=/index.php/admin
---
2013/11/06 20:48:23 [error] [exception.CHttpException.404] exception 'CHttpException' with message 'The system is unable to find the requested action "index".' in /Library/WebServer/Documents/trunk/trunk/framework/web/CController.php:483
Stack trace:
#0 /Library/WebServer/Documents/trunk/trunk/framework/web/CController.php(270): CController->missingAction('')
#1 /Library/WebServer/Documents/trunk/trunk/framework/web/CWebApplication.php(282): CController->run('')
#2 /Library/WebServer/Documents/trunk/trunk/framework/web/CWebApplication.php(141): CWebApplication->runController('user')
#3 /Library/WebServer/Documents/trunk/trunk/framework/base/CApplication.php(169): CWebApplication->processRequest()
#4 /Library/WebServer/Documents/trunk/trunk/bmwapp/index.php(17): CApplication->run()
#5 {main}
REQUEST_URI=/index.php/user/
---
2013/11/06 20:59:54 [error] [system.db.CDbCommand] CDbCommand::fetchAll() failed: SQLSTATE[42S22]: Column not found: 1054 Unknown column 'recommend' in 'where clause'. The SQL statement executed was: SELECT `id`,`user_id`,`name`,`description`,`status`,`vote_num`,`update_time`,`create_time` FROM works_tbl where `recommend` = '0' and`review` = '0' order by create_time desc limit 0,10.
2013/11/06 20:59:54 [error] [exception.CDbException] exception 'CDbException' with message 'CDbCommand failed to execute the SQL statement: SQLSTATE[42S22]: Column not found: 1054 Unknown column 'recommend' in 'where clause'. The SQL statement executed was: SELECT `id`,`user_id`,`name`,`description`,`status`,`vote_num`,`update_time`,`create_time` FROM works_tbl where `recommend` = '0' and`review` = '0' order by create_time desc limit 0,10' in /Library/WebServer/Documents/trunk/trunk/framework/db/CDbCommand.php:541
Stack trace:
#0 /Library/WebServer/Documents/trunk/trunk/framework/db/CDbCommand.php(395): CDbCommand->queryInternal('fetchAll', Array, Array)
#1 /Library/WebServer/Documents/trunk/trunk/bmwapp/protected/models/Works.php(134): CDbCommand->queryAll()
#2 /Library/WebServer/Documents/trunk/trunk/bmwapp/protected/controllers/IndexController.php(24): Works->selectWork(Array, '0', 10, 'create_time des...')
#3 /Library/WebServer/Documents/trunk/trunk/framework/web/actions/CInlineAction.php(49): IndexController->actionIndex()
#4 /Library/WebServer/Documents/trunk/trunk/framework/web/CController.php(308): CInlineAction->runWithParams(Array)
#5 /Library/WebServer/Documents/trunk/trunk/framework/web/CController.php(286): CController->runAction(Object(CInlineAction))
#6 /Library/WebServer/Documents/trunk/trunk/framework/web/CController.php(265): CController->runActionWithFilters(Object(CInlineAction), Array)
#7 /Library/WebServer/Documents/trunk/trunk/framework/web/CWebApplication.php(282): CController->run('')
#8 /Library/WebServer/Documents/trunk/trunk/framework/web/CWebApplication.php(141): CWebApplication->runController('')
#9 /Library/WebServer/Documents/trunk/trunk/framework/base/CApplication.php(169): CWebApplication->processRequest()
#10 /Library/WebServer/Documents/trunk/trunk/bmwapp/index.php(17): CApplication->run()
#11 {main}
REQUEST_URI=/index.php
---
